# JRE version: OpenJDK Runtime Environment (8.0_242-b01) (build 1.8.0_242-release-1644-b01)
# Java VM: OpenJDK 64-Bit Server VM (25.242-b01 mixed mode windows-amd64 compressed oops)
Heap:
 PSYoungGen      total 290304K, used 155894K [0x00000000d5800000, 0x00000000eac80000, 0x0000000100000000)
  eden space 267776K, 49% used [0x00000000d5800000,0x00000000dda3de10,0x00000000e5d80000)
  from space 22528K, 99% used [0x00000000e8e00000,0x00000000ea3ffc08,0x00000000ea400000)
  to   space 8704K, 0% used [0x00000000ea400000,0x00000000ea400000,0x00000000eac80000)
 ParOldGen       total 136704K, used 73331K [0x0000000080800000, 0x0000000088d80000, 0x00000000d5800000)
  object space 136704K, 53% used [0x0000000080800000,0x0000000084f9cc40,0x0000000088d80000)
 Metaspace       used 93238K, capacity 98106K, committed 98352K, reserved 1134592K
  class space    used 11964K, capacity 13009K, committed 13104K, reserved 1048576K
GC Heap History (10 events):
Event: 36.232 GC heap before
{Heap before GC invocations=20 (full 3):
 PSYoungGen      total 273408K, used 264529K [0x00000000d5800000, 0x00000000e7c80000, 0x0000000100000000)
  eden space 250368K, 100% used [0x00000000d5800000,0x00000000e4c80000,0x00000000e4c80000)
  from space 23040K, 61% used [0x00000000e6300000,0x00000000e70d46f8,0x00000000e7980000)
  to   space 23040K, 0% used [0x00000000e4c80000,0x00000000e4c80000,0x00000000e6300000)
 ParOldGen       total 136704K, used 62218K [0x0000000080800000, 0x0000000088d80000, 0x00000000d5800000)
  object space 136704K, 45% used [0x0000000080800000,0x00000000844c29d0,0x0000000088d80000)
 Metaspace       used 78821K, capacity 82026K, committed 82352K, reserved 1120256K
  class space    used 10461K, capacity 11110K, committed 11184K, reserved 1048576K
Event: 36.264 GC heap after
Heap after GC invocations=20 (full 3):
 PSYoungGen      total 273408K, used 13759K [0x00000000d5800000, 0x00000000ea380000, 0x0000000100000000)
  eden space 250368K, 0% used [0x00000000d5800000,0x00000000d5800000,0x00000000e4c80000)
  from space 23040K, 59% used [0x00000000e4c80000,0x00000000e59efd08,0x00000000e6300000)
  to   space 23040K, 0% used [0x00000000e8d00000,0x00000000e8d00000,0x00000000ea380000)
 ParOldGen       total 136704K, used 62226K [0x0000000080800000, 0x0000000088d80000, 0x00000000d5800000)
  object space 136704K, 45% used [0x0000000080800000,0x00000000844c49d0,0x0000000088d80000)
 Metaspace       used 78821K, capacity 82026K, committed 82352K, reserved 1120256K
  class space    used 10461K, capacity 11110K, committed 11184K, reserved 1048576K
}
Event: 39.237 GC heap before
{Heap before GC invocations=21 (full 3):
 PSYoungGen      total 273408K, used 264127K [0x00000000d5800000, 0x00000000ea380000, 0x0000000100000000)
  eden space 250368K, 100% used [0x00000000d5800000,0x00000000e4c80000,0x00000000e4c80000)
  from space 23040K, 59% used [0x00000000e4c80000,0x00000000e59efd08,0x00000000e6300000)
  to   space 23040K, 0% used [0x00000000e8d00000,0x00000000e8d00000,0x00000000ea380000)
 ParOldGen       total 136704K, used 62226K [0x0000000080800000, 0x0000000088d80000, 0x00000000d5800000)
  object space 136704K, 45% used [0x0000000080800000,0x00000000844c49d0,0x0000000088d80000)
 Metaspace       used 79804K, capacity 82934K, committed 83248K, reserved 1122304K
  class space    used 10564K, capacity 11189K, committed 11312K, reserved 1048576K
Event: 39.257 GC heap after
Heap after GC invocations=21 (full 3):
 PSYoungGen      total 306176K, used 6843K [0x00000000d5800000, 0x00000000e9e00000, 0x0000000100000000)
  eden space 288768K, 0% used [0x00000000d5800000,0x00000000d5800000,0x00000000e7200000)
  from space 17408K, 39% used [0x00000000e8d00000,0x00000000e93aef98,0x00000000e9e00000)
  to   space 22528K, 0% used [0x00000000e7200000,0x00000000e7200000,0x00000000e8800000)
 ParOldGen       total 136704K, used 62298K [0x0000000080800000, 0x0000000088d80000, 0x00000000d5800000)
  object space 136704K, 45% used [0x0000000080800000,0x00000000844d69e0,0x0000000088d80000)
 Metaspace       used 79804K, capacity 82934K, committed 83248K, reserved 1122304K
  class space    used 10564K, capacity 11189K, committed 11312K, reserved 1048576K
}
Event: 3569.140 GC heap before
{Heap before GC invocations=22 (full 3):
 PSYoungGen      total 306176K, used 295611K [0x00000000d5800000, 0x00000000e9e00000, 0x0000000100000000)
  eden space 288768K, 100% used [0x00000000d5800000,0x00000000e7200000,0x00000000e7200000)
  from space 17408K, 39% used [0x00000000e8d00000,0x00000000e93aef98,0x00000000e9e00000)
  to   space 22528K, 0% used [0x00000000e7200000,0x00000000e7200000,0x00000000e8800000)
 ParOldGen       total 136704K, used 62298K [0x0000000080800000, 0x0000000088d80000, 0x00000000d5800000)
  object space 136704K, 45% used [0x0000000080800000,0x00000000844d69e0,0x0000000088d80000)
 Metaspace       used 84642K, capacity 88318K, committed 88496K, reserved 1126400K
  class space    used 10924K, capacity 11689K, committed 11696K, reserved 1048576K
Event: 3569.400 GC heap after
Heap after GC invocations=22 (full 3):
 PSYoungGen      total 311296K, used 13101K [0x00000000d5800000, 0x00000000ec200000, 0x0000000100000000)
  eden space 288768K, 0% used [0x00000000d5800000,0x00000000d5800000,0x00000000e7200000)
  from space 22528K, 58% used [0x00000000e7200000,0x00000000e7ecb7b0,0x00000000e8800000)
  to   space 22528K, 0% used [0x00000000eac00000,0x00000000eac00000,0x00000000ec200000)
 ParOldGen       total 136704K, used 62306K [0x0000000080800000, 0x0000000088d80000, 0x00000000d5800000)
  object space 136704K, 45% used [0x0000000080800000,0x00000000844d89e0,0x0000000088d80000)
 Metaspace       used 84642K, capacity 88318K, committed 88496K, reserved 1126400K
  class space    used 10924K, capacity 11689K, committed 11696K, reserved 1048576K
}
Event: 4687.288 GC heap before
{Heap before GC invocations=23 (full 3):
 PSYoungGen      total 311296K, used 301869K [0x00000000d5800000, 0x00000000ec200000, 0x0000000100000000)
  eden space 288768K, 100% used [0x00000000d5800000,0x00000000e7200000,0x00000000e7200000)
  from space 22528K, 58% used [0x00000000e7200000,0x00000000e7ecb7b0,0x00000000e8800000)
  to   space 22528K, 0% used [0x00000000eac00000,0x00000000eac00000,0x00000000ec200000)
 ParOldGen       total 136704K, used 62306K [0x0000000080800000, 0x0000000088d80000, 0x00000000d5800000)
  object space 136704K, 45% used [0x0000000080800000,0x00000000844d89e0,0x0000000088d80000)
 Metaspace       used 85916K, capacity 90020K, committed 90032K, reserved 1128448K
  class space    used 11031K, capacity 11948K, committed 11952K, reserved 1048576K
Event: 4687.390 GC heap after
Heap after GC invocations=23 (full 3):
 PSYoungGen      total 292352K, used 14102K [0x00000000d5800000, 0x00000000eba00000, 0x0000000100000000)
  eden space 278016K, 0% used [0x00000000d5800000,0x00000000d5800000,0x00000000e6780000)
  from space 14336K, 98% used [0x00000000eac00000,0x00000000eb9c5ac0,0x00000000eba00000)
  to   space 22528K, 0% used [0x00000000e8e00000,0x00000000e8e00000,0x00000000ea400000)
 ParOldGen       total 136704K, used 62314K [0x0000000080800000, 0x0000000088d80000, 0x00000000d5800000)
  object space 136704K, 45% used [0x0000000080800000,0x00000000844da9e0,0x0000000088d80000)
 Metaspace       used 85916K, capacity 90020K, committed 90032K, reserved 1128448K
  class space    used 11031K, capacity 11948K, committed 11952K, reserved 1048576K
}
Event: 4872.119 GC heap before
{Heap before GC invocations=24 (full 3):
 PSYoungGen      total 292352K, used 292118K [0x00000000d5800000, 0x00000000eba00000, 0x0000000100000000)
  eden space 278016K, 100% used [0x00000000d5800000,0x00000000e6780000,0x00000000e6780000)
  from space 14336K, 98% used [0x00000000eac00000,0x00000000eb9c5ac0,0x00000000eba00000)
  to   space 22528K, 0% used [0x00000000e8e00000,0x00000000e8e00000,0x00000000ea400000)
 ParOldGen       total 136704K, used 62314K [0x0000000080800000, 0x0000000088d80000, 0x00000000d5800000)
  object space 136704K, 45% used [0x0000000080800000,0x00000000844da9e0,0x0000000088d80000)
 Metaspace       used 89486K, capacity 94224K, committed 94512K, reserved 1130496K
  class space    used 11518K, capacity 12528K, committed 12592K, reserved 1048576K
Event: 4872.292 GC heap after
Heap after GC invocations=24 (full 3):
 PSYoungGen      total 290304K, used 22527K [0x00000000d5800000, 0x00000000eac80000, 0x0000000100000000)
  eden space 267776K, 0% used [0x00000000d5800000,0x00000000d5800000,0x00000000e5d80000)
  from space 22528K, 99% used [0x00000000e8e00000,0x00000000ea3ffc08,0x00000000ea400000)
  to   space 8704K, 0% used [0x00000000ea400000,0x00000000ea400000,0x00000000eac80000)
 ParOldGen       total 136704K, used 73331K [0x0000000080800000, 0x0000000088d80000, 0x00000000d5800000)
  object space 136704K, 53% used [0x0000000080800000,0x0000000084f9cc40,0x0000000088d80000)
 Metaspace       used 89486K, capacity 94224K, committed 94512K, reserved 1130496K
  class space    used 11518K, capacity 12528K, committed 12592K, reserved 1048576K
}

